{"/Users/victorvelediaz/Documents/Projects/ParcelApps/math-worksheet-generator/src/components/MathProblems.js": {"path":"/Users/victorvelediaz/Documents/Projects/ParcelApps/math-worksheet-generator/src/components/MathProblems.js","statementMap":{"0":{"start":{"line":1,"column":39},"end":{"line":1,"column":56}},"1":{"start":{"line":12,"column":4},"end":{"line":12,"column":69}},"2":{"start":{"line":16,"column":4},"end":{"line":22,"column":36}},"3":{"start":{"line":17,"column":8},"end":{"line":17,"column":44}},"4":{"start":{"line":18,"column":8},"end":{"line":18,"column":46}},"5":{"start":{"line":19,"column":8},"end":{"line":19,"column":52}},"6":{"start":{"line":20,"column":8},"end":{"line":20,"column":74}},"7":{"start":{"line":20,"column":37},"end":{"line":20,"column":74}},"8":{"start":{"line":21,"column":8},"end":{"line":21,"column":53}},"9":{"start":{"line":21,"column":48},"end":{"line":21,"column":53}},"10":{"start":{"line":23,"column":4},"end":{"line":23,"column":21}},"11":{"start":{"line":26,"column":4},"end":{"line":30,"column":5}},"12":{"start":{"line":27,"column":15},"end":{"line":27,"column":25}},"13":{"start":{"line":28,"column":16},"end":{"line":28,"column":26}},"14":{"start":{"line":29,"column":16},"end":{"line":29,"column":26}},"15":{"start":{"line":33,"column":21},"end":{"line":94,"column":1}},"16":{"start":{"line":36,"column":8},"end":{"line":59,"column":20}},"17":{"start":{"line":37,"column":25},"end":{"line":37,"column":96}},"18":{"start":{"line":38,"column":12},"end":{"line":38,"column":37}},"19":{"start":{"line":38,"column":29},"end":{"line":38,"column":37}},"20":{"start":{"line":39,"column":31},"end":{"line":39,"column":109}},"21":{"start":{"line":40,"column":12},"end":{"line":40,"column":43}},"22":{"start":{"line":40,"column":35},"end":{"line":40,"column":43}},"23":{"start":{"line":41,"column":38},"end":{"line":41,"column":109}},"24":{"start":{"line":44,"column":12},"end":{"line":45,"column":24}},"25":{"start":{"line":45,"column":16},"end":{"line":45,"column":24}},"26":{"start":{"line":47,"column":12},"end":{"line":48,"column":24}},"27":{"start":{"line":48,"column":16},"end":{"line":48,"column":24}},"28":{"start":{"line":50,"column":25},"end":{"line":50,"column":62}},"29":{"start":{"line":51,"column":29},"end":{"line":51,"column":92}},"30":{"start":{"line":52,"column":35},"end":{"line":52,"column":149}},"31":{"start":{"line":54,"column":12},"end":{"line":57,"column":14}},"32":{"start":{"line":63,"column":8},"end":{"line":92,"column":20}},"33":{"start":{"line":64,"column":27},"end":{"line":64,"column":73}},"34":{"start":{"line":65,"column":33},"end":{"line":65,"column":97}},"35":{"start":{"line":66,"column":12},"end":{"line":66,"column":71}},"36":{"start":{"line":66,"column":63},"end":{"line":66,"column":71}},"37":{"start":{"line":67,"column":40},"end":{"line":67,"column":86}},"38":{"start":{"line":68,"column":35},"end":{"line":68,"column":120}},"39":{"start":{"line":69,"column":32},"end":{"line":69,"column":75}},"40":{"start":{"line":70,"column":12},"end":{"line":70,"column":70}},"41":{"start":{"line":70,"column":62},"end":{"line":70,"column":70}},"42":{"start":{"line":71,"column":12},"end":{"line":71,"column":68}},"43":{"start":{"line":71,"column":60},"end":{"line":71,"column":68}},"44":{"start":{"line":73,"column":46},"end":{"line":73,"column":158}},"45":{"start":{"line":74,"column":41},"end":{"line":74,"column":169}},"46":{"start":{"line":75,"column":35},"end":{"line":75,"column":143}},"47":{"start":{"line":77,"column":25},"end":{"line":77,"column":66}},"48":{"start":{"line":78,"column":29},"end":{"line":78,"column":92}},"49":{"start":{"line":79,"column":35},"end":{"line":79,"column":128}},"50":{"start":{"line":81,"column":12},"end":{"line":84,"column":14}},"51":{"start":{"line":96,"column":0},"end":{"line":96,"column":29}}},"fnMap":{"0":{"name":"getRandomNum","decl":{"start":{"line":11,"column":9},"end":{"line":11,"column":21}},"loc":{"start":{"line":11,"column":35},"end":{"line":13,"column":1}},"line":11},"1":{"name":"getRandomFraction","decl":{"start":{"line":14,"column":9},"end":{"line":14,"column":26}},"loc":{"start":{"line":14,"column":34},"end":{"line":24,"column":1}},"line":14},"2":{"name":"getRandomVariable","decl":{"start":{"line":25,"column":9},"end":{"line":25,"column":26}},"loc":{"start":{"line":25,"column":28},"end":{"line":31,"column":1}},"line":25},"3":{"name":"(anonymous_3)","decl":{"start":{"line":34,"column":4},"end":{"line":34,"column":5}},"loc":{"start":{"line":34,"column":41},"end":{"line":60,"column":5}},"line":34},"4":{"name":"(anonymous_4)","decl":{"start":{"line":62,"column":4},"end":{"line":62,"column":5}},"loc":{"start":{"line":62,"column":42},"end":{"line":93,"column":5}},"line":62}},"branchMap":{"0":{"loc":{"start":{"line":20,"column":8},"end":{"line":20,"column":74}},"type":"if","locations":[{"start":{"line":20,"column":8},"end":{"line":20,"column":74}},{"start":{},"end":{}}],"line":20},"1":{"loc":{"start":{"line":21,"column":8},"end":{"line":21,"column":53}},"type":"if","locations":[{"start":{"line":21,"column":8},"end":{"line":21,"column":53}},{"start":{},"end":{}}],"line":21},"2":{"loc":{"start":{"line":26,"column":4},"end":{"line":30,"column":5}},"type":"switch","locations":[{"start":{"line":27,"column":8},"end":{"line":27,"column":25}},{"start":{"line":28,"column":8},"end":{"line":28,"column":26}},{"start":{"line":29,"column":8},"end":{"line":29,"column":26}}],"line":26},"3":{"loc":{"start":{"line":38,"column":12},"end":{"line":38,"column":37}},"type":"if","locations":[{"start":{"line":38,"column":12},"end":{"line":38,"column":37}},{"start":{},"end":{}}],"line":38},"4":{"loc":{"start":{"line":40,"column":12},"end":{"line":40,"column":43}},"type":"if","locations":[{"start":{"line":40,"column":12},"end":{"line":40,"column":43}},{"start":{},"end":{}}],"line":40},"5":{"loc":{"start":{"line":44,"column":12},"end":{"line":45,"column":24}},"type":"if","locations":[{"start":{"line":44,"column":12},"end":{"line":45,"column":24}},{"start":{},"end":{}}],"line":44},"6":{"loc":{"start":{"line":47,"column":12},"end":{"line":48,"column":24}},"type":"if","locations":[{"start":{"line":47,"column":12},"end":{"line":48,"column":24}},{"start":{},"end":{}}],"line":47},"7":{"loc":{"start":{"line":50,"column":25},"end":{"line":50,"column":62}},"type":"cond-expr","locations":[{"start":{"line":50,"column":53},"end":{"line":50,"column":56}},{"start":{"line":50,"column":59},"end":{"line":50,"column":62}}],"line":50},"8":{"loc":{"start":{"line":51,"column":29},"end":{"line":51,"column":92}},"type":"cond-expr","locations":[{"start":{"line":51,"column":67},"end":{"line":51,"column":86}},{"start":{"line":51,"column":89},"end":{"line":51,"column":92}}],"line":51},"9":{"loc":{"start":{"line":66,"column":12},"end":{"line":66,"column":71}},"type":"if","locations":[{"start":{"line":66,"column":12},"end":{"line":66,"column":71}},{"start":{},"end":{}}],"line":66},"10":{"loc":{"start":{"line":70,"column":12},"end":{"line":70,"column":70}},"type":"if","locations":[{"start":{"line":70,"column":12},"end":{"line":70,"column":70}},{"start":{},"end":{}}],"line":70},"11":{"loc":{"start":{"line":71,"column":12},"end":{"line":71,"column":68}},"type":"if","locations":[{"start":{"line":71,"column":12},"end":{"line":71,"column":68}},{"start":{},"end":{}}],"line":71},"12":{"loc":{"start":{"line":73,"column":46},"end":{"line":73,"column":158}},"type":"cond-expr","locations":[{"start":{"line":73,"column":78},"end":{"line":73,"column":104}},{"start":{"line":73,"column":107},"end":{"line":73,"column":158}}],"line":73},"13":{"loc":{"start":{"line":74,"column":41},"end":{"line":74,"column":169}},"type":"cond-expr","locations":[{"start":{"line":74,"column":68},"end":{"line":74,"column":106}},{"start":{"line":74,"column":109},"end":{"line":74,"column":169}}],"line":74},"14":{"loc":{"start":{"line":75,"column":35},"end":{"line":75,"column":143}},"type":"cond-expr","locations":[{"start":{"line":75,"column":59},"end":{"line":75,"column":91}},{"start":{"line":75,"column":94},"end":{"line":75,"column":143}}],"line":75},"15":{"loc":{"start":{"line":77,"column":25},"end":{"line":77,"column":66}},"type":"cond-expr","locations":[{"start":{"line":77,"column":57},"end":{"line":77,"column":60}},{"start":{"line":77,"column":63},"end":{"line":77,"column":66}}],"line":77},"16":{"loc":{"start":{"line":78,"column":29},"end":{"line":78,"column":92}},"type":"cond-expr","locations":[{"start":{"line":78,"column":67},"end":{"line":78,"column":86}},{"start":{"line":78,"column":89},"end":{"line":78,"column":92}}],"line":78},"17":{"loc":{"start":{"line":83,"column":24},"end":{"line":83,"column":102}},"type":"cond-expr","locations":[{"start":{"line":83,"column":43},"end":{"line":83,"column":65}},{"start":{"line":83,"column":68},"end":{"line":83,"column":102}}],"line":83}},"s":{"0":1,"1":2228,"2":0,"3":0,"4":0,"5":0,"6":0,"7":0,"8":0,"9":0,"10":0,"11":0,"12":0,"13":0,"14":0,"15":1,"16":50,"17":750,"18":750,"19":7,"20":743,"21":743,"22":8,"23":735,"24":735,"25":666,"26":69,"27":19,"28":50,"29":50,"30":50,"31":50,"32":0,"33":0,"34":0,"35":0,"36":0,"37":0,"38":0,"39":0,"40":0,"41":0,"42":0,"43":0,"44":0,"45":0,"46":0,"47":0,"48":0,"49":0,"50":0,"51":1},"f":{"0":2228,"1":0,"2":0,"3":50,"4":0},"b":{"0":[0,0],"1":[0,0],"2":[0,0,0],"3":[7,743],"4":[8,735],"5":[666,69],"6":[19,50],"7":[28,22],"8":[0,50],"9":[0,0],"10":[0,0],"11":[0,0],"12":[0,0],"13":[0,0],"14":[0,0],"15":[0,0],"16":[0,0],"17":[0,0]},"_coverageSchema":"1a1c01bbd47fc00a2c39e90264f33305004495a9","hash":"3b46b7d254bda98fb593afa224f21051ddab1b6a"}
}
