TN:
SF:src/components/MathProblems.js
FN:11,getRandomNum
FN:14,getRandomFraction
FN:25,getRandomVariable
FN:34,(anonymous_3)
FN:62,(anonymous_4)
FNF:5
FNH:2
FNDA:2228,getRandomNum
FNDA:0,getRandomFraction
FNDA:0,getRandomVariable
FNDA:50,(anonymous_3)
FNDA:0,(anonymous_4)
DA:1,1
DA:12,2228
DA:16,0
DA:17,0
DA:18,0
DA:19,0
DA:20,0
DA:21,0
DA:23,0
DA:26,0
DA:27,0
DA:28,0
DA:29,0
DA:33,1
DA:36,50
DA:37,750
DA:38,750
DA:39,743
DA:40,743
DA:41,735
DA:44,735
DA:45,666
DA:47,69
DA:48,19
DA:50,50
DA:51,50
DA:52,50
DA:54,50
DA:63,0
DA:64,0
DA:65,0
DA:66,0
DA:67,0
DA:68,0
DA:69,0
DA:70,0
DA:71,0
DA:73,0
DA:74,0
DA:75,0
DA:77,0
DA:78,0
DA:79,0
DA:81,0
DA:96,1
LF:45
LH:18
BRDA:20,0,0,0
BRDA:20,0,1,0
BRDA:21,1,0,0
BRDA:21,1,1,0
BRDA:26,2,0,0
BRDA:26,2,1,0
BRDA:26,2,2,0
BRDA:38,3,0,7
BRDA:38,3,1,743
BRDA:40,4,0,8
BRDA:40,4,1,735
BRDA:44,5,0,666
BRDA:44,5,1,69
BRDA:47,6,0,19
BRDA:47,6,1,50
BRDA:50,7,0,28
BRDA:50,7,1,22
BRDA:51,8,0,0
BRDA:51,8,1,50
BRDA:66,9,0,0
BRDA:66,9,1,0
BRDA:70,10,0,0
BRDA:70,10,1,0
BRDA:71,11,0,0
BRDA:71,11,1,0
BRDA:73,12,0,0
BRDA:73,12,1,0
BRDA:74,13,0,0
BRDA:74,13,1,0
BRDA:75,14,0,0
BRDA:75,14,1,0
BRDA:77,15,0,0
BRDA:77,15,1,0
BRDA:78,16,0,0
BRDA:78,16,1,0
BRDA:83,17,0,0
BRDA:83,17,1,0
BRF:37
BRH:11
end_of_record
